# JRE version: OpenJDK Runtime Environment (8.0_222-b10) (build 1.8.0_222-8u222-b10-1ubuntu1~18.04.1-b10)
# Java VM: OpenJDK 64-Bit Server VM (25.222-b10 mixed mode linux-amd64 compressed oops)
Heap:
 PSYoungGen      total 103936K, used 8160K [0x00000000e1b80000, 0x00000000e8980000, 0x0000000100000000)
  eden space 95744K, 0% used [0x00000000e1b80000,0x00000000e1b80000,0x00000000e7900000)
  from space 8192K, 99% used [0x00000000e7900000,0x00000000e80f8020,0x00000000e8100000)
  to   space 7680K, 0% used [0x00000000e8100000,0x00000000e8100000,0x00000000e8880000)
 ParOldGen       total 62976K, used 14549K [0x00000000a5200000, 0x00000000a8f80000, 0x00000000e1b80000)
  object space 62976K, 23% used [0x00000000a5200000,0x00000000a6035438,0x00000000a8f80000)
 Metaspace       used 20565K, capacity 21182K, committed 21296K, reserved 1069056K
  class space    used 2433K, capacity 2619K, committed 2688K, reserved 1048576K
GC Heap History (10 events):
Event: 1,219 GC heap after
Heap after GC invocations=2 (full 0):
 PSYoungGen      total 27648K, used 3555K [0x00000000e1b80000, 0x00000000e3a00000, 0x0000000100000000)
  eden space 24064K, 0% used [0x00000000e1b80000,0x00000000e1b80000,0x00000000e3300000)
  from space 3584K, 99% used [0x00000000e3680000,0x00000000e39f8df0,0x00000000e3a00000)
  to   space 3584K, 0% used [0x00000000e3300000,0x00000000e3300000,0x00000000e3680000)
 ParOldGen       total 62976K, used 1913K [0x00000000a5200000, 0x00000000a8f80000, 0x00000000e1b80000)
  object space 62976K, 3% used [0x00000000a5200000,0x00000000a53de468,0x00000000a8f80000)
 Metaspace       used 9656K, capacity 9830K, committed 9984K, reserved 1058816K
  class space    used 1171K, capacity 1251K, committed 1280K, reserved 1048576K
}
Event: 1,604 GC heap before
{Heap before GC invocations=3 (full 0):
 PSYoungGen      total 27648K, used 27619K [0x00000000e1b80000, 0x00000000e3a00000, 0x0000000100000000)
  eden space 24064K, 100% used [0x00000000e1b80000,0x00000000e3300000,0x00000000e3300000)
  from space 3584K, 99% used [0x00000000e3680000,0x00000000e39f8df0,0x00000000e3a00000)
  to   space 3584K, 0% used [0x00000000e3300000,0x00000000e3300000,0x00000000e3680000)
 ParOldGen       total 62976K, used 1913K [0x00000000a5200000, 0x00000000a8f80000, 0x00000000e1b80000)
  object space 62976K, 3% used [0x00000000a5200000,0x00000000a53de468,0x00000000a8f80000)
 Metaspace       used 12370K, capacity 12546K, committed 12672K, reserved 1060864K
  class space    used 1541K, capacity 1640K, committed 1664K, reserved 1048576K
Event: 1,610 GC heap after
Heap after GC invocations=3 (full 0):
 PSYoungGen      total 27648K, used 3552K [0x00000000e1b80000, 0x00000000e5180000, 0x0000000100000000)
  eden space 24064K, 0% used [0x00000000e1b80000,0x00000000e1b80000,0x00000000e3300000)
  from space 3584K, 99% used [0x00000000e3300000,0x00000000e3678020,0x00000000e3680000)
  to   space 3584K, 0% used [0x00000000e4e00000,0x00000000e4e00000,0x00000000e5180000)
 ParOldGen       total 62976K, used 4312K [0x00000000a5200000, 0x00000000a8f80000, 0x00000000e1b80000)
  object space 62976K, 6% used [0x00000000a5200000,0x00000000a5636388,0x00000000a8f80000)
 Metaspace       used 12370K, capacity 12546K, committed 12672K, reserved 1060864K
  class space    used 1541K, capacity 1640K, committed 1664K, reserved 1048576K
}
Event: 2,221 GC heap before
{Heap before GC invocations=4 (full 0):
 PSYoungGen      total 27648K, used 27616K [0x00000000e1b80000, 0x00000000e5180000, 0x0000000100000000)
  eden space 24064K, 100% used [0x00000000e1b80000,0x00000000e3300000,0x00000000e3300000)
  from space 3584K, 99% used [0x00000000e3300000,0x00000000e3678020,0x00000000e3680000)
  to   space 3584K, 0% used [0x00000000e4e00000,0x00000000e4e00000,0x00000000e5180000)
 ParOldGen       total 62976K, used 4312K [0x00000000a5200000, 0x00000000a8f80000, 0x00000000e1b80000)
  object space 62976K, 6% used [0x00000000a5200000,0x00000000a5636388,0x00000000a8f80000)
 Metaspace       used 14679K, capacity 14930K, committed 15232K, reserved 1062912K
  class space    used 1766K, capacity 1848K, committed 1920K, reserved 1048576K
Event: 2,245 GC heap after
Heap after GC invocations=4 (full 0):
 PSYoungGen      total 51712K, used 3568K [0x00000000e1b80000, 0x00000000e5180000, 0x0000000100000000)
  eden space 48128K, 0% used [0x00000000e1b80000,0x00000000e1b80000,0x00000000e4a80000)
  from space 3584K, 99% used [0x00000000e4e00000,0x00000000e517c010,0x00000000e5180000)
  to   space 3584K, 0% used [0x00000000e4a80000,0x00000000e4a80000,0x00000000e4e00000)
 ParOldGen       total 62976K, used 7375K [0x00000000a5200000, 0x00000000a8f80000, 0x00000000e1b80000)
  object space 62976K, 11% used [0x00000000a5200000,0x00000000a5933e90,0x00000000a8f80000)
 Metaspace       used 14679K, capacity 14930K, committed 15232K, reserved 1062912K
  class space    used 1766K, capacity 1848K, committed 1920K, reserved 1048576K
}
Event: 3,299 GC heap before
{Heap before GC invocations=5 (full 0):
 PSYoungGen      total 51712K, used 51696K [0x00000000e1b80000, 0x00000000e5180000, 0x0000000100000000)
  eden space 48128K, 100% used [0x00000000e1b80000,0x00000000e4a80000,0x00000000e4a80000)
  from space 3584K, 99% used [0x00000000e4e00000,0x00000000e517c010,0x00000000e5180000)
  to   space 3584K, 0% used [0x00000000e4a80000,0x00000000e4a80000,0x00000000e4e00000)
 ParOldGen       total 62976K, used 7375K [0x00000000a5200000, 0x00000000a8f80000, 0x00000000e1b80000)
  object space 62976K, 11% used [0x00000000a5200000,0x00000000a5933e90,0x00000000a8f80000)
 Metaspace       used 15285K, capacity 15618K, committed 15744K, reserved 1062912K
  class space    used 1796K, capacity 1920K, committed 1920K, reserved 1048576K
Event: 3,359 GC heap after
Heap after GC invocations=5 (full 0):
 PSYoungGen      total 51712K, used 3568K [0x00000000e1b80000, 0x00000000e8880000, 0x0000000100000000)
  eden space 48128K, 0% used [0x00000000e1b80000,0x00000000e1b80000,0x00000000e4a80000)
  from space 3584K, 99% used [0x00000000e4a80000,0x00000000e4dfc010,0x00000000e4e00000)
  to   space 7680K, 0% used [0x00000000e8100000,0x00000000e8100000,0x00000000e8880000)
 ParOldGen       total 62976K, used 10323K [0x00000000a5200000, 0x00000000a8f80000, 0x00000000e1b80000)
  object space 62976K, 16% used [0x00000000a5200000,0x00000000a5c14eb8,0x00000000a8f80000)
 Metaspace       used 15285K, capacity 15618K, committed 15744K, reserved 1062912K
  class space    used 1796K, capacity 1920K, committed 1920K, reserved 1048576K
}
Event: 4,418 GC heap before
{Heap before GC invocations=6 (full 0):
 PSYoungGen      total 51712K, used 51696K [0x00000000e1b80000, 0x00000000e8880000, 0x0000000100000000)
  eden space 48128K, 100% used [0x00000000e1b80000,0x00000000e4a80000,0x00000000e4a80000)
  from space 3584K, 99% used [0x00000000e4a80000,0x00000000e4dfc010,0x00000000e4e00000)
  to   space 7680K, 0% used [0x00000000e8100000,0x00000000e8100000,0x00000000e8880000)
 ParOldGen       total 62976K, used 10323K [0x00000000a5200000, 0x00000000a8f80000, 0x00000000e1b80000)
  object space 62976K, 16% used [0x00000000a5200000,0x00000000a5c14eb8,0x00000000a8f80000)
 Metaspace       used 15906K, capacity 16268K, committed 16384K, reserved 1062912K
  class space    used 1842K, capacity 1963K, committed 2048K, reserved 1048576K
Event: 4,432 GC heap after
Heap after GC invocations=6 (full 0):
 PSYoungGen      total 103424K, used 6832K [0x00000000e1b80000, 0x00000000e8980000, 0x0000000100000000)
  eden space 95744K, 0% used [0x00000000e1b80000,0x00000000e1b80000,0x00000000e7900000)
  from space 7680K, 88% used [0x00000000e8100000,0x00000000e87ac030,0x00000000e8880000)
  to   space 8192K, 0% used [0x00000000e7900000,0x00000000e7900000,0x00000000e8100000)
 ParOldGen       total 62976K, used 10323K [0x00000000a5200000, 0x00000000a8f80000, 0x00000000e1b80000)
  object space 62976K, 16% used [0x00000000a5200000,0x00000000a5c14eb8,0x00000000a8f80000)
 Metaspace       used 15906K, capacity 16268K, committed 16384K, reserved 1062912K
  class space    used 1842K, capacity 1963K, committed 2048K, reserved 1048576K
}
Event: 5,819 GC heap before
{Heap before GC invocations=7 (full 0):
 PSYoungGen      total 103424K, used 77018K [0x00000000e1b80000, 0x00000000e8980000, 0x0000000100000000)
  eden space 95744K, 73% used [0x00000000e1b80000,0x00000000e600ab80,0x00000000e7900000)
  from space 7680K, 88% used [0x00000000e8100000,0x00000000e87ac030,0x00000000e8880000)
  to   space 8192K, 0% used [0x00000000e7900000,0x00000000e7900000,0x00000000e8100000)
 ParOldGen       total 62976K, used 10323K [0x00000000a5200000, 0x00000000a8f80000, 0x00000000e1b80000)
  object space 62976K, 16% used [0x00000000a5200000,0x00000000a5c14eb8,0x00000000a8f80000)
 Metaspace       used 20565K, capacity 21182K, committed 21296K, reserved 1069056K
  class space    used 2433K, capacity 2619K, committed 2688K, reserved 1048576K

